<?xml version="1.0" encoding="UTF-8"?>
<Site BuildName="(empty)"
	BuildStamp="20240701-1621-Experimental"
	Name="soon"
	Generator="ctest-3.16.3"
	CompilerName="/usr/bin/c++"
	CompilerVersion="9.4.0"
	OSName="Linux"
	Hostname="soon"
	OSRelease="5.15.0-113-generic"
	OSVersion="#123~20.04.1-Ubuntu SMP Wed Jun 12 17:33:13 UTC 2024"
	OSPlatform="x86_64"
	Is64Bits="1"
	VendorString="AuthenticAMD"
	VendorID="Advanced Micro Devices"
	FamilyID="25"
	ModelID="80"
	ProcessorCacheSize="512"
	NumberOfLogicalCPU="16"
	NumberOfPhysicalCPU="8"
	TotalVirtualMemory="65559"
	TotalPhysicalMemory="15364"
	LogicalProcessorsPerPhysical="2"
	ProcessorClockFrequency="3137.39"
	>
	<Testing>
		<StartDateTime>Jul 01 19:21 +03</StartDateTime>
		<StartTestTime>1719850884</StartTestTime>
		<TestList/>
		<EndDateTime>Jul 01 19:21 +03</EndDateTime>
		<EndTestTime>1719850884</EndTestTime>
		<ElapsedMinutes>0</ElapsedMinutes>
	</Testing>
</Site>
